<?xml version="1.0" encoding="UTF-8"?>
<!-- Generated by org.testng.reporters.JUnitReportReporter -->
<testsuite hostname="lenovo-ThinkPad-E14" failures="0" tests="1" name="com.inetbanking.testCase.TC_AddNewCustomer_003" time="26.614" errors="0" timestamp="2024-04-20T11:22:05 IST" skipped="0">
  <testcase classname="com.inetbanking.testCase.TC_AddNewCustomer_003" name="AddCustomer" time="26.614"/>
</testsuite> <!-- com.inetbanking.testCase.TC_AddNewCustomer_003 -->
