<?xml version="1.0" encoding="UTF-8"?>
<!-- Generated by org.testng.reporters.JUnitReportReporter -->
<testsuite hostname="lenovo-ThinkPad-E14" failures="0" tests="1" name="com.inetbanking.testCase.TC_AddNewCustomer_003" time="23.576" errors="0" timestamp="2024-04-14T11:38:05 IST" skipped="0">
  <testcase classname="com.inetbanking.testCase.TC_AddNewCustomer_003" name="AddCustomer" time="23.576"/>
</testsuite> <!-- com.inetbanking.testCase.TC_AddNewCustomer_003 -->
